{"timestamp":"2025-10-10T13:08:14.126236Z","level":"info","event":"DAG bundles loaded: dags-folder, example_dags","logger":"airflow.dag_processing.bundles.manager.DagBundlesManager","filename":"manager.py","lineno":179}
{"timestamp":"2025-10-10T13:08:14.128274Z","level":"info","event":"Filling up the DagBag from /opt/airflow/dags/challenger_data_dag.py","logger":"airflow.models.dagbag.DagBag","filename":"dagbag.py","lineno":593}
{"timestamp":"2025-10-10T13:08:14.193643Z","level":"info","event":"Task instance is in running state","logger":"task.stdout"}
{"timestamp":"2025-10-10T13:08:14.194933Z","level":"info","event":" Previous state of the Task instance: TaskInstanceState.QUEUED","logger":"task.stdout"}
{"timestamp":"2025-10-10T13:08:14.195488Z","level":"info","event":"Current task name:run_collection_script","logger":"task.stdout"}
{"timestamp":"2025-10-10T13:08:14.195959Z","level":"info","event":"Dag name:collect_challenger_data_daily","logger":"task.stdout"}
{"timestamp":"2025-10-10T13:08:14.194534Z","level":"info","event":"Tmp dir root location: /tmp","logger":"airflow.task.hooks.airflow.providers.standard.hooks.subprocess.SubprocessHook","filename":"subprocess.py","lineno":78}
{"timestamp":"2025-10-10T13:08:14.195784Z","level":"info","event":"Running command: ['/usr/bin/bash', '-c', 'python /opt/airflow/project/collect_data.py']","logger":"airflow.task.hooks.airflow.providers.standard.hooks.subprocess.SubprocessHook","filename":"subprocess.py","lineno":88}
{"timestamp":"2025-10-10T13:08:14.208269Z","level":"info","event":"Output:","logger":"airflow.task.hooks.airflow.providers.standard.hooks.subprocess.SubprocessHook","filename":"subprocess.py","lineno":99}
{"timestamp":"2025-10-10T13:08:25.395593Z","level":"info","event":"챌린저 리그 데이터 요청을 시작합니다...","logger":"airflow.task.hooks.airflow.providers.standard.hooks.subprocess.SubprocessHook","filename":"subprocess.py","lineno":106}
{"timestamp":"2025-10-10T13:08:25.395725Z","level":"info","event":"리그 정보 요청 성공!","logger":"airflow.task.hooks.airflow.providers.standard.hooks.subprocess.SubprocessHook","filename":"subprocess.py","lineno":106}
{"timestamp":"2025-10-10T13:08:25.395764Z","level":"info","event":"","logger":"airflow.task.hooks.airflow.providers.standard.hooks.subprocess.SubprocessHook","filename":"subprocess.py","lineno":106}
{"timestamp":"2025-10-10T13:08:25.395790Z","level":"info","event":"--- 상위 20명 챌린저 정보 조회 및 데이터 수집 ---","logger":"airflow.task.hooks.airflow.providers.standard.hooks.subprocess.SubprocessHook","filename":"subprocess.py","lineno":106}
{"timestamp":"2025-10-10T13:08:25.395820Z","level":"info","event":"  1번째 유저: DRX kyeahoo#0813 정보 수집 완료","logger":"airflow.task.hooks.airflow.providers.standard.hooks.subprocess.SubprocessHook","filename":"subprocess.py","lineno":106}
{"timestamp":"2025-10-10T13:08:25.395841Z","level":"info","event":"  2번째 유저: 진돗개#0415 정보 수집 완료","logger":"airflow.task.hooks.airflow.providers.standard.hooks.subprocess.SubprocessHook","filename":"subprocess.py","lineno":106}
{"timestamp":"2025-10-10T13:08:25.395861Z","level":"info","event":"  3번째 유저: T1 Guardian#KR3 정보 수집 완료","logger":"airflow.task.hooks.airflow.providers.standard.hooks.subprocess.SubprocessHook","filename":"subprocess.py","lineno":106}
{"timestamp":"2025-10-10T13:08:25.395880Z","level":"info","event":"  4번째 유저: DNF Quantum#KR 1 정보 수집 완료","logger":"airflow.task.hooks.airflow.providers.standard.hooks.subprocess.SubprocessHook","filename":"subprocess.py","lineno":106}
{"timestamp":"2025-10-10T13:08:25.395899Z","level":"info","event":"  5번째 유저: Kimman#zxfkk 정보 수집 완료","logger":"airflow.task.hooks.airflow.providers.standard.hooks.subprocess.SubprocessHook","filename":"subprocess.py","lineno":106}
{"timestamp":"2025-10-10T13:08:25.395919Z","level":"info","event":"  6번째 유저: bilibili7777渔不沮#4396 정보 수집 완료","logger":"airflow.task.hooks.airflow.providers.standard.hooks.subprocess.SubprocessHook","filename":"subprocess.py","lineno":106}
{"timestamp":"2025-10-10T13:08:25.395938Z","level":"info","event":"  7번째 유저: asdjipadsjip#KR1 정보 수집 완료","logger":"airflow.task.hooks.airflow.providers.standard.hooks.subprocess.SubprocessHook","filename":"subprocess.py","lineno":106}
{"timestamp":"2025-10-10T13:08:25.395958Z","level":"info","event":"  8번째 유저: Yousil#zypp 정보 수집 완료","logger":"airflow.task.hooks.airflow.providers.standard.hooks.subprocess.SubprocessHook","filename":"subprocess.py","lineno":106}
{"timestamp":"2025-10-10T13:08:25.395992Z","level":"info","event":"  9번째 유저: Hype#KRR 정보 수집 완료","logger":"airflow.task.hooks.airflow.providers.standard.hooks.subprocess.SubprocessHook","filename":"subprocess.py","lineno":106}
{"timestamp":"2025-10-10T13:08:25.396018Z","level":"info","event":"  10번째 유저: DK Lucid#KR1 정보 수집 완료","logger":"airflow.task.hooks.airflow.providers.standard.hooks.subprocess.SubprocessHook","filename":"subprocess.py","lineno":106}
{"timestamp":"2025-10-10T13:08:25.396043Z","level":"info","event":"  11번째 유저: Juhana#DRX25 정보 수집 완료","logger":"airflow.task.hooks.airflow.providers.standard.hooks.subprocess.SubprocessHook","filename":"subprocess.py","lineno":106}
{"timestamp":"2025-10-10T13:08:25.396069Z","level":"info","event":"  12번째 유저: 노익스강#noex 정보 수집 완료","logger":"airflow.task.hooks.airflow.providers.standard.hooks.subprocess.SubprocessHook","filename":"subprocess.py","lineno":106}
{"timestamp":"2025-10-10T13:08:25.396088Z","level":"info","event":"  13번째 유저: Frog#DRX 정보 수집 완료","logger":"airflow.task.hooks.airflow.providers.standard.hooks.subprocess.SubprocessHook","filename":"subprocess.py","lineno":106}
{"timestamp":"2025-10-10T13:08:25.396106Z","level":"info","event":"  14번째 유저: Vincenzo#kr40 정보 수집 완료","logger":"airflow.task.hooks.airflow.providers.standard.hooks.subprocess.SubprocessHook","filename":"subprocess.py","lineno":106}
{"timestamp":"2025-10-10T13:08:25.396126Z","level":"info","event":"  15번째 유저: Peyz#KR11 정보 수집 완료","logger":"airflow.task.hooks.airflow.providers.standard.hooks.subprocess.SubprocessHook","filename":"subprocess.py","lineno":106}
{"timestamp":"2025-10-10T13:08:25.396145Z","level":"info","event":"  16번째 유저: sdawxl#KR1 정보 수집 완료","logger":"airflow.task.hooks.airflow.providers.standard.hooks.subprocess.SubprocessHook","filename":"subprocess.py","lineno":106}
{"timestamp":"2025-10-10T13:08:25.396166Z","level":"info","event":"  17번째 유저: T1 구름#2007 정보 수집 완료","logger":"airflow.task.hooks.airflow.providers.standard.hooks.subprocess.SubprocessHook","filename":"subprocess.py","lineno":106}
{"timestamp":"2025-10-10T13:08:25.396184Z","level":"info","event":"  18번째 유저: 자신감을잃지말자#KR1 정보 수집 완료","logger":"airflow.task.hooks.airflow.providers.standard.hooks.subprocess.SubprocessHook","filename":"subprocess.py","lineno":106}
{"timestamp":"2025-10-10T13:08:25.396208Z","level":"info","event":"  19번째 유저: dlwldms#iuiu 정보 수집 완료","logger":"airflow.task.hooks.airflow.providers.standard.hooks.subprocess.SubprocessHook","filename":"subprocess.py","lineno":106}
{"timestamp":"2025-10-10T13:08:25.396227Z","level":"info","event":"  20번째 유저: yaya#YQFZZ 정보 수집 완료","logger":"airflow.task.hooks.airflow.providers.standard.hooks.subprocess.SubprocessHook","filename":"subprocess.py","lineno":106}
{"timestamp":"2025-10-10T13:08:25.396245Z","level":"info","event":"","logger":"airflow.task.hooks.airflow.providers.standard.hooks.subprocess.SubprocessHook","filename":"subprocess.py","lineno":106}
{"timestamp":"2025-10-10T13:08:25.396265Z","level":"info","event":"❌ S3 업로드 중 에러가 발생했습니다: Unable to locate credentials","logger":"airflow.task.hooks.airflow.providers.standard.hooks.subprocess.SubprocessHook","filename":"subprocess.py","lineno":106}
{"timestamp":"2025-10-10T13:08:25.483972Z","level":"info","event":"Command exited with return code 0","logger":"airflow.task.hooks.airflow.providers.standard.hooks.subprocess.SubprocessHook","filename":"subprocess.py","lineno":110}
{"timestamp":"2025-10-10T13:08:25.484696Z","level":"info","event":"Pushing xcom","ti":"RuntimeTaskInstance(id=UUID('0199ce3c-73ab-7b0a-9690-4c628bf8affe'), task_id='run_collection_script', dag_id='collect_challenger_data_daily', run_id='manual__2025-10-10T13:08:12.318994+00:00', try_number=1, dag_version_id=UUID('0199ce3b-0ce6-7ca8-848b-03850efa4b07'), map_index=-1, hostname='7fa4429b96a2', context_carrier={}, task=<Task(BashOperator): run_collection_script>, bundle_instance=LocalDagBundle(name=dags-folder), max_tries=0, start_date=datetime.datetime(2025, 10, 10, 13, 8, 13, 521884, tzinfo=datetime.timezone.utc), end_date=None, state=<TaskInstanceState.RUNNING: 'running'>, is_mapped=False, rendered_map_index=None)","logger":"task","filename":"task_runner.py","lineno":1352}
{"timestamp":"2025-10-10T13:08:25.537497Z","level":"info","event":"Task instance in success state","logger":"task.stdout"}
{"timestamp":"2025-10-10T13:08:25.538158Z","level":"info","event":" Previous state of the Task instance: TaskInstanceState.RUNNING","logger":"task.stdout"}
{"timestamp":"2025-10-10T13:08:25.540139Z","level":"info","event":"Task operator:<Task(BashOperator): run_collection_script>","logger":"task.stdout"}
